<?xml version="1.0" encoding="UTF-8"?>
<!-- Generated by org.testng.reporters.JUnitReportReporter -->
<testsuite hostname="DESKTOP-5VI0HAR" failures="0" tests="1" name="swaglabtestcases.CheckoutOverviewTestCasesUsingPOM" time="10.386" errors="0" timestamp="2024-01-05T00:11:49 CST" skipped="0">
  <testcase classname="swaglabtestcases.CheckoutOverviewTestCasesUsingPOM" name="finishCheckout" time="10.386"/>
  <system-out/>
</testsuite> <!-- swaglabtestcases.CheckoutOverviewTestCasesUsingPOM -->
