<?xml version="1.0" encoding="UTF-8"?>
<!-- Generated by org.testng.reporters.JUnitReportReporter -->
<testsuite hostname="DESKTOP-5VI0HAR" failures="0" tests="1" name="swaglabtestcases.SwagLabLoginTestCasesUsingPOM" time="8.134" errors="0" timestamp="2024-01-04T23:02:31 CST" skipped="0">
  <testcase classname="swaglabtestcases.SwagLabLoginTestCasesUsingPOM" name="swaglabLogin" time="8.134"/>
  <system-out/>
</testsuite> <!-- swaglabtestcases.SwagLabLoginTestCasesUsingPOM -->
