<?xml version="1.0" encoding="UTF-8"?>
<!-- Generated by org.testng.reporters.JUnitReportReporter -->
<testsuite hostname="DESKTOP-5VI0HAR" failures="0" tests="1" name="swaglabtestcases.SwagLabBackPackTestCasesUsingPOM" time="7.271" errors="0" timestamp="2024-01-04T23:50:58 CST" skipped="0">
  <testcase classname="swaglabtestcases.SwagLabBackPackTestCasesUsingPOM" name="addToShoppingCart" time="7.271"/>
  <system-out/>
</testsuite> <!-- swaglabtestcases.SwagLabBackPackTestCasesUsingPOM -->
