<?xml version="1.0" encoding="UTF-8"?>
<!-- Generated by org.testng.reporters.JUnitReportReporter -->
<testsuite hostname="DESKTOP-5VI0HAR" failures="0" tests="1" name="swaglabtestcases.SwagLabYourCartTestCasesUsingPOM" time="9.073" errors="0" timestamp="2024-01-04T23:56:15 CST" skipped="0">
  <testcase classname="swaglabtestcases.SwagLabYourCartTestCasesUsingPOM" name="checkOutCart" time="9.073"/>
  <system-out/>
</testsuite> <!-- swaglabtestcases.SwagLabYourCartTestCasesUsingPOM -->
