<?xml version="1.0" encoding="UTF-8"?>
<!-- Generated by org.testng.reporters.JUnitReportReporter -->
<testsuite hostname="DESKTOP-5VI0HAR" failures="0" tests="1" name="swaglabtestcases.CheckOutInfoTestCasesUsingPOM" time="9.960" errors="0" timestamp="2024-01-05T00:05:59 CST" skipped="0">
  <testcase classname="swaglabtestcases.CheckOutInfoTestCasesUsingPOM" name="checkout" time="9.960"/>
  <system-out/>
</testsuite> <!-- swaglabtestcases.CheckOutInfoTestCasesUsingPOM -->
